app/build/outputs/logs/manifest-merger-debug-report.txt
-- Merging decision tree log ---
manifest
ADDED from src\main\AndroidManifest.xml:2:1-40:12
	package
		ADDED from src\main\AndroidManifest.xml:3:5-34
		INJECTED from src\main\AndroidManifest.xml
		INJECTED from src\main\AndroidManifest.xml
	android:versionName
		ADDED from src\main\AndroidManifest.xml:5:5-30
		INJECTED from src\main\AndroidManifest.xml
		INJECTED from src\main\AndroidManifest.xml
	android:versionCode
		ADDED from src\main\AndroidManifest.xml:4:5-28
		INJECTED from src\main\AndroidManifest.xml
		INJECTED from src\main\AndroidManifest.xml
	xmlns:android
		ADDED from src\main\AndroidManifest.xml:2:11-69
uses-sdk
ADDED from src\main\AndroidManifest.xml:7:5-9:41
	android:targetSdkVersion
		ADDED from src\main\AndroidManifest.xml:9:9-38
		INJECTED from src\main\AndroidManifest.xml
		INJECTED from src\main\AndroidManifest.xml
	android:minSdkVersion
		ADDED from src\main\AndroidManifest.xml:8:9-35
		INJECTED from src\main\AndroidManifest.xml
		INJECTED from src\main\AndroidManifest.xml
uses-permission#android.permission.MOUNT_UNMOUNT_FILESYSTEMS
ADDED from src\main\AndroidManifest.xml:12:2-80
	android:name
		ADDED from src\main\AndroidManifest.xml:12:19-78
uses-permission#android.permission.WRITE_EXTERNAL_STORAGE
ADDED from src\main\AndroidManifest.xml:15:2-77
	android:name
		ADDED from src\main\AndroidManifest.xml:15:19-75
uses-permission#android.permission.RECORD_AUDIO
ADDED from src\main\AndroidManifest.xml:18:3-69
	android:name
		ADDED from src\main\AndroidManifest.xml:18:20-66
uses-permission#android.permission.INTERNET
ADDED from src\main\AndroidManifest.xml:21:5-67
	android:name
		ADDED from src\main\AndroidManifest.xml:21:22-64
application
ADDED from src\main\AndroidManifest.xml:24:5-38:19
	android:label
		ADDED from src\main\AndroidManifest.xml:28:9-41
	android:allowBackup
		ADDED from src\main\AndroidManifest.xml:25:9-35
	android:icon
		ADDED from src\main\AndroidManifest.xml:27:9-45
	android:theme
		ADDED from src\main\AndroidManifest.xml:26:10-63
activity#com.fonsview.localktv.MainActivity
ADDED from src\main\AndroidManifest.xml:29:9-37:20
	android:label
		ADDED from src\main\AndroidManifest.xml:31:13-45
	android:name
		ADDED from src\main\AndroidManifest.xml:30:13-62
intent-filter#android.intent.action.MAIN+android.intent.category.LAUNCHER
ADDED from src\main\AndroidManifest.xml:32:13-36:29
action#android.intent.action.MAIN
ADDED from src\main\AndroidManifest.xml:33:17-69
	android:name
		ADDED from src\main\AndroidManifest.xml:33:25-66
category#android.intent.category.LAUNCHER
ADDED from src\main\AndroidManifest.xml:35:17-77
	android:name
		ADDED from src\main\AndroidManifest.xml:35:27-74